<?xml version="1.0" encoding="UTF-8"?>
<!-- Generated by org.testng.reporters.JUnitReportReporter -->
<testsuite hostname="BI-384-Robin-Abraham" failures="0" tests="5" name="testCase.Test_Product" time="114.855" errors="0" timestamp="2025-03-11T13:18:58 IST" skipped="0">
  <testcase classname="testCase.Test_Product" name="testCheckOut" time="42.019"/>
  <testcase classname="testCase.Test_Product" name="testSearch" time="22.432"/>
  <testcase classname="testCase.Test_Product" name="brandNameVerification" time="11.131"/>
  <testcase classname="testCase.Test_Product" name="testFilter" time="13.718"/>
  <testcase classname="testCase.Test_Product" name="testAddtoCart" time="25.555"/>
</testsuite> <!-- testCase.Test_Product -->
