<?xml version="1.0" encoding="UTF-8"?>
<!-- Generated by org.testng.reporters.JUnitXMLReporter -->
<testsuite ignored="0" hostname="BI-384-Robin-Abraham" failures="0" tests="7" name="chrometest" time="198.281" errors="0" timestamp="2025-03-11T13:18:57 IST">
  <testcase classname="testCase.Test_RegisterAccount" name="login" time="13.26"/>
  <testcase classname="testCase.Test_Login" name="testValidLogin" time="19.059"/>
  <testcase classname="testCase.Test_Product" name="testSearch" time="22.431"/>
  <testcase classname="testCase.Test_Product" name="brandNameVerification" time="11.128"/>
  <testcase classname="testCase.Test_Product" name="testFilter" time="13.717"/>
  <testcase classname="testCase.Test_Product" name="testAddtoCart" time="25.554"/>
  <testcase classname="testCase.Test_Product" name="testCheckOut" time="42.018"/>
</testsuite> <!-- chrometest -->
